<?xml version="1.0" encoding="UTF-8"?>
<!-- Generated by org.testng.reporters.JUnitReportReporter -->
<testsuite hostname="snehas-pc" failures="0" tests="1" name="orangeHRM.fb" time="7.202" errors="0" timestamp="2023-10-27T23:24:07 IST" skipped="0">
  <testcase classname="orangeHRM.fb" name="test1" time="7.202"/>
</testsuite> <!-- orangeHRM.fb -->
